2023-08-07 16:06:32,819 - INFO - 企查查.py[:183] - 读取到9501条数据，企查查爬虫开始！
2023-08-07 16:06:32,820 - INFO - 企查查.py[:195] - 9111010634828856XF开始爬取-1/9501
2023-08-07 16:06:33,467 - INFO - 企查查.py[:198] - 9111010634828856XF爬取成功-中天建泽工程咨询（北京）有限公司
2023-08-07 16:07:03,521 - INFO - 企查查.py[:195] - 91130184MA0CDWFP62开始爬取-2/9501
2023-08-07 16:07:04,282 - INFO - 企查查.py[:198] - 91130184MA0CDWFP62爬取成功-新乐兴才商贸有限公司
2023-08-07 16:07:34,316 - INFO - 企查查.py[:195] - 91320724MA1XHECJ1K开始爬取-3/9501
2023-08-07 16:07:34,676 - INFO - 企查查.py[:198] - 91320724MA1XHECJ1K爬取成功-江苏九文环保科技有限公司
2023-08-07 16:08:04,706 - INFO - 企查查.py[:195] - 91330105725896844P开始爬取-4/9501
2023-08-07 16:08:05,059 - INFO - 企查查.py[:198] - 91330105725896844P爬取成功-浙江新盛建设集团有限公司
2023-08-07 16:08:35,084 - INFO - 企查查.py[:195] - 91331082MA28HU694U开始爬取-5/9501
2023-08-07 16:08:35,584 - INFO - 企查查.py[:198] - 91331082MA28HU694U爬取成功-浙江程远工程管理有限公司
2023-08-07 16:09:05,606 - INFO - 企查查.py[:195] - 91340500MA2MQQKF3K开始爬取-6/9501
2023-08-07 16:09:06,046 - INFO - 企查查.py[:198] - 91340500MA2MQQKF3K爬取成功-安徽易诚建筑工程有限公司
2023-08-07 16:09:36,072 - INFO - 企查查.py[:195] - 91341100MA2RGJP386开始爬取-7/9501
2023-08-07 16:09:36,531 - INFO - 企查查.py[:198] - 91341100MA2RGJP386爬取成功-安徽诚枫玻璃自动化装备有限公司
2023-08-07 16:10:06,562 - INFO - 企查查.py[:195] - 91360100672400066P开始爬取-8/9501
2023-08-07 16:10:07,125 - INFO - 企查查.py[:198] - 91360100672400066P爬取成功-江西太阳雨防火工程有限公司
2023-08-07 16:10:37,148 - INFO - 企查查.py[:195] - 91370323MA3WATQD71开始爬取-9/9501
2023-08-07 16:10:37,568 - INFO - 企查查.py[:198] - 91370323MA3WATQD71爬取成功-山东智信悦保温材料有限公司
2023-08-07 16:11:07,594 - INFO - 企查查.py[:195] - 91370402MA3DBF7K3K开始爬取-10/9501
2023-08-07 16:11:07,994 - INFO - 企查查.py[:198] - 91370402MA3DBF7K3K爬取成功-枣庄市金棕榈文化发展有限公司
2023-08-07 16:11:38,020 - INFO - 企查查.py[:195] - 91610103MA6WF2ET0X开始爬取-11/9501
2023-08-07 16:11:38,602 - INFO - 企查查.py[:198] - 91610103MA6WF2ET0X爬取成功-西安舟正实业有限公司
2023-08-07 16:12:08,629 - INFO - 企查查.py[:195] - 911201025503760027开始爬取-12/9501
2023-08-07 16:12:08,956 - INFO - 企查查.py[:198] - 911201025503760027爬取成功-天津天之娇子商贸有限公司
2023-08-07 16:12:38,981 - INFO - 企查查.py[:195] - 91320000740652928A开始爬取-13/9501
2023-08-07 16:12:39,729 - INFO - 企查查.py[:198] - 91320000740652928A爬取成功-江苏中大建设项目管理有限公司
2023-08-07 16:13:09,762 - INFO - 企查查.py[:195] - 91320321MA273K3J2Q开始爬取-14/9501
2023-08-07 16:13:10,218 - INFO - 企查查.py[:198] - 91320321MA273K3J2Q爬取成功-丰县加恩农业科技有限公司
2023-08-07 16:13:40,256 - INFO - 企查查.py[:195] - 91320623MA26Q9CRXT开始爬取-15/9501
2023-08-07 16:13:40,605 - INFO - 企查查.py[:198] - 91320623MA26Q9CRXT爬取成功-如东华淑织造有限公司
2023-08-07 16:14:10,638 - INFO - 企查查.py[:195] - 91350211705483655P开始爬取-16/9501
2023-08-07 16:14:11,303 - INFO - 企查查.py[:198] - 91350211705483655P爬取成功-厦门诚新企业管理咨询有限公司
2023-08-07 16:14:41,329 - INFO - 企查查.py[:195] - 91350425MA333BBH0C开始爬取-17/9501
2023-08-07 16:14:41,718 - INFO - 企查查.py[:198] - 91350425MA333BBH0C爬取成功-厦门中城投项目管理有限公司大田分公司
2023-08-07 16:15:11,748 - INFO - 企查查.py[:195] - 91360822MA35H2M569开始爬取-18/9501
2023-08-07 16:15:12,127 - INFO - 企查查.py[:198] - 91360822MA35H2M569爬取成功-江西顺达劳务发展有限公司
2023-08-07 16:15:42,160 - INFO - 企查查.py[:195] - 91410703MA3X55M546开始爬取-19/9501
2023-08-07 16:15:42,498 - INFO - 企查查.py[:198] - 91410703MA3X55M546爬取成功-新乡市京运商贸有限公司
2023-08-07 16:16:12,533 - INFO - 企查查.py[:195] - 91420506MA49311LXW开始爬取-20/9501
2023-08-07 16:16:12,989 - INFO - 企查查.py[:198] - 91420506MA49311LXW爬取成功-宜昌朗坤项目管理有限公司
2023-08-07 16:16:43,020 - INFO - 企查查.py[:195] - 914452037879502282开始爬取-21/9501
2023-08-07 16:16:44,138 - INFO - 企查查.py[:198] - 914452037879502282爬取成功-揭阳市增德五金塑胶制品有限公司
2023-08-07 16:17:14,172 - INFO - 企查查.py[:195] - 91500000MA604GLD38开始爬取-22/9501
2023-08-07 16:17:14,755 - INFO - 企查查.py[:198] - 91500000MA604GLD38爬取成功-重庆联晟电力工程有限公司
2023-08-07 16:17:44,781 - INFO - 企查查.py[:195] - 91110116575205963U开始爬取-23/9501
2023-08-07 16:17:45,394 - INFO - 企查查.py[:198] - 91110116575205963U爬取成功-北京恒华腾达设备安装工程有限公司
2023-08-07 16:18:15,425 - INFO - 企查查.py[:195] - 91140106MA0LQUHJ3N开始爬取-24/9501
2023-08-07 16:18:15,957 - INFO - 企查查.py[:198] - 91140106MA0LQUHJ3N爬取成功-山西顺俊达建筑劳务有限公司
2023-08-07 16:18:45,986 - INFO - 企查查.py[:195] - 91210106MA0P500X7R开始爬取-25/9501
2023-08-07 16:18:46,621 - INFO - 企查查.py[:198] - 91210106MA0P500X7R爬取成功-沈阳雷强照明设备有限公司
2023-08-07 16:19:16,650 - INFO - 企查查.py[:195] - 91310113MA1GKJEN1W开始爬取-26/9501
2023-08-07 16:19:17,338 - INFO - 企查查.py[:198] - 91310113MA1GKJEN1W爬取成功-上海烨斌国际贸易有限公司
2023-08-07 16:19:47,377 - INFO - 企查查.py[:195] - 913205835703303008开始爬取-27/9501
2023-08-07 16:19:47,879 - INFO - 企查查.py[:198] - 913205835703303008爬取成功-昆山徽安合机电设备有限公司
2023-08-07 16:20:17,919 - INFO - 企查查.py[:195] - 91320706699388802C开始爬取-28/9501
2023-08-07 16:20:18,426 - INFO - 企查查.py[:198] - 91320706699388802C爬取成功-连云港庚波建筑工程劳务有限公司
2023-08-07 16:20:48,465 - INFO - 企查查.py[:195] - 91360106MA3AEQUP43开始爬取-29/9501
2023-08-07 16:20:48,962 - INFO - 企查查.py[:198] - 91360106MA3AEQUP43爬取成功-江西域航新能源汽车有限公司
2023-08-07 16:21:19,000 - INFO - 企查查.py[:195] - 913702110974627538开始爬取-30/9501
2023-08-07 16:21:19,567 - INFO - 企查查.py[:198] - 913702110974627538爬取成功-青岛中南瑞安空调设备有限公司
2023-08-07 16:21:49,604 - INFO - 企查查.py[:195] - 91510522MA7GQ4P303开始爬取-31/9501
2023-08-07 16:21:49,985 - INFO - 企查查.py[:198] - 91510522MA7GQ4P303爬取成功-泸州鸿泰包装材料有限公司
2023-08-07 16:22:20,019 - INFO - 企查查.py[:195] - 91520900MA6H6EALXT开始爬取-32/9501
2023-08-07 16:22:20,469 - INFO - 企查查.py[:198] - 91520900MA6H6EALXT爬取成功-中滨建设有限公司
2023-08-07 16:22:50,506 - INFO - 企查查.py[:195] - 92130628MA0GEX5Q2T开始爬取-33/9501
2023-08-07 16:22:50,894 - INFO - 企查查.py[:198] - 92130628MA0GEX5Q2T爬取成功-高阳县欢酌副食店
2023-08-07 16:23:20,926 - INFO - 企查查.py[:195] - 91310113688772403Q开始爬取-34/9501
2023-08-07 16:23:21,223 - INFO - 企查查.py[:198] - 91310113688772403Q爬取成功-上海冠宏贸易发展有限公司
2023-08-07 16:23:51,258 - INFO - 企查查.py[:195] - 91410700MA9KXRBJ0Q开始爬取-35/9501
2023-08-07 16:23:51,886 - INFO - 企查查.py[:198] - 91410700MA9KXRBJ0Q爬取成功-河南花叶一木园林绿化工程有限公司
2023-08-07 16:24:21,927 - INFO - 企查查.py[:195] - 91440101773306095Y开始爬取-36/9501
2023-08-07 16:24:22,953 - INFO - 企查查.py[:198] - 91440101773306095Y爬取成功-广州市迅雄塑料制品实业有限公司
2023-08-07 16:24:52,991 - INFO - 企查查.py[:195] - 92330782MAC5ULX8XG开始爬取-37/9501
2023-08-07 16:24:53,649 - INFO - 企查查.py[:198] - 92330782MAC5ULX8XG爬取成功-义乌市廖坊小餐饮店
2023-08-07 16:25:23,693 - INFO - 企查查.py[:195] - 92520627MAAJNQKL8X开始爬取-38/9501
2023-08-07 16:25:24,325 - INFO - 企查查.py[:198] - 92520627MAAJNQKL8X爬取成功-沿河沙子街道众诚商行批发部
2023-08-07 16:25:54,354 - INFO - 企查查.py[:195] - 91130322MA09GCCP6D开始爬取-39/9501
2023-08-07 16:25:54,721 - INFO - 企查查.py[:198] - 91130322MA09GCCP6D爬取成功-秦皇岛民鑫钢结构有限公司
2023-08-07 16:26:24,754 - INFO - 企查查.py[:195] - 91210811MA11056P6Q开始爬取-40/9501
2023-08-07 16:26:25,557 - INFO - 企查查.py[:198] - 91210811MA11056P6Q爬取成功-营口家宏道路运输有限公司
2023-08-07 16:26:55,592 - INFO - 企查查.py[:195] - 91211322MACPCRA982开始爬取-41/9501
2023-08-07 16:26:56,494 - INFO - 企查查.py[:198] - 91211322MACPCRA982爬取成功-源来（建平）能源有限公司
2023-08-07 16:27:26,536 - INFO - 企查查.py[:195] - 91360106MA36UJJ63A开始爬取-42/9501
2023-08-07 16:27:26,919 - INFO - 企查查.py[:198] - 91360106MA36UJJ63A爬取成功-江西五顺建设工程有限公司
2023-08-07 16:27:56,954 - INFO - 企查查.py[:195] - 913701043072727052开始爬取-43/9501
2023-08-07 16:27:57,681 - INFO - 企查查.py[:198] - 913701043072727052爬取成功-山东铭振恒业商贸有限公司
2023-08-07 16:28:27,718 - INFO - 企查查.py[:195] - 91430112MA4PLBUJ8J开始爬取-44/9501
2023-08-07 16:28:28,028 - INFO - 企查查.py[:198] - 91430112MA4PLBUJ8J爬取成功-长沙硕尔不锈钢装饰材料有限公司
2023-08-07 16:28:58,065 - INFO - 企查查.py[:195] - 91510000772987490B开始爬取-45/9501
2023-08-07 16:28:58,492 - INFO - 企查查.py[:198] - 91510000772987490B爬取成功-四川合力空调净化工程有限公司
2023-08-07 16:29:28,522 - INFO - 企查查.py[:195] - 91520115MA6DKGHG1Y开始爬取-46/9501
2023-08-07 16:29:28,958 - INFO - 企查查.py[:198] - 91520115MA6DKGHG1Y爬取成功-贵州大正建设工程咨询有限公司
2023-08-07 16:29:58,991 - INFO - 企查查.py[:195] - 92210104MA0XD52M45开始爬取-47/9501
2023-08-07 16:29:59,335 - INFO - 企查查.py[:198] - 92210104MA0XD52M45爬取成功-沈阳市大东区馨宝宾馆德增店
2023-08-07 16:30:29,379 - INFO - 企查查.py[:195] - 92320113MA1QQBXN2Y开始爬取-48/9501
2023-08-07 16:30:29,678 - INFO - 企查查.py[:198] - 92320113MA1QQBXN2Y爬取成功-南京市栖霞区施兰兰百货超市
2023-08-07 16:30:59,709 - INFO - 企查查.py[:195] - 92500232MA5UDXHL47开始爬取-49/9501
2023-08-07 16:31:00,550 - INFO - 企查查.py[:198] - 92500232MA5UDXHL47爬取成功-武隆区乐购超市
2023-08-07 16:31:30,591 - INFO - 企查查.py[:195] - 92530111MA6PP1FEXU开始爬取-50/9501
2023-08-07 16:31:31,053 - INFO - 企查查.py[:198] - 92530111MA6PP1FEXU爬取成功-昆明市官渡区魁影鲜花店
2023-08-07 16:32:01,100 - INFO - 企查查.py[:195] - 91130296MA0EEULF47开始爬取-51/9501
2023-08-07 16:32:01,758 - INFO - 企查查.py[:198] - 91130296MA0EEULF47爬取成功-唐山尚特金属制品有限公司
2023-08-07 16:32:31,796 - INFO - 企查查.py[:195] - 91140100692208725B开始爬取-52/9501
2023-08-07 16:32:32,196 - INFO - 企查查.py[:198] - 91140100692208725B爬取成功-山西东禹实业集团有限公司
2023-08-07 16:33:02,228 - INFO - 企查查.py[:195] - 91140802MA0GTKKT9J开始爬取-53/9501
2023-08-07 16:33:02,718 - INFO - 企查查.py[:198] - 91140802MA0GTKKT9J爬取成功-运城聚祥通汽车运输有限公司
2023-08-07 16:33:32,752 - INFO - 企查查.py[:195] - 91211381MA100UGY0H开始爬取-54/9501
2023-08-07 16:33:33,060 - INFO - 企查查.py[:198] - 91211381MA100UGY0H爬取成功-北票市悦鑫机电设备制造有限公司
2023-08-07 16:34:03,106 - INFO - 企查查.py[:195] - 91320402MA1XQEK731开始爬取-55/9501
2023-08-07 16:34:03,452 - INFO - 企查查.py[:198] - 91320402MA1XQEK731爬取成功-常州优格曼机电有限公司
2023-08-07 16:34:33,488 - INFO - 企查查.py[:195] - 91320507MA26UBKE1U开始爬取-56/9501
2023-08-07 16:34:33,845 - INFO - 企查查.py[:198] - 91320507MA26UBKE1U爬取成功-江苏绿创博维智能科技有限公司
2023-08-07 16:35:03,891 - INFO - 企查查.py[:195] - 913307837458350107开始爬取-57/9501
2023-08-07 16:35:04,309 - INFO - 企查查.py[:198] - 913307837458350107爬取成功-东阳市恒升工艺品厂
2023-08-07 16:35:34,356 - INFO - 企查查.py[:195] - 91340104MA2WGUWK63开始爬取-58/9501
2023-08-07 16:35:34,976 - INFO - 企查查.py[:198] - 91340104MA2WGUWK63爬取成功-安徽楼粤楼餐饮管理有限公司
2023-08-07 16:36:05,017 - INFO - 企查查.py[:195] - 914416223981022928开始爬取-59/9501
2023-08-07 16:36:05,365 - INFO - 企查查.py[:198] - 914416223981022928爬取成功-广东亿顺园林绿化有限公司
2023-08-07 16:36:35,402 - INFO - 企查查.py[:195] - 91210114MA0U63CK5P开始爬取-60/9501
2023-08-07 16:36:35,876 - INFO - 企查查.py[:198] - 91210114MA0U63CK5P爬取成功-沈阳佳辉机械设备有限公司
2023-08-07 16:37:05,921 - INFO - 企查查.py[:195] - 91210211669218677B开始爬取-61/9501
2023-08-07 16:37:06,207 - INFO - 企查查.py[:198] - 91210211669218677B爬取成功-大连智诚自动化设备有限公司
2023-08-07 16:37:36,250 - INFO - 企查查.py[:195] - 91320585MA1N4Q950L开始爬取-62/9501
2023-08-07 16:37:36,778 - INFO - 企查查.py[:198] - 91320585MA1N4Q950L爬取成功-太仓同辉自动化科技有限公司
2023-08-07 16:38:06,823 - INFO - 企查查.py[:195] - 91320585MA1T6HA83X开始爬取-63/9501
2023-08-07 16:38:07,211 - INFO - 企查查.py[:198] - 91320585MA1T6HA83X爬取成功-太仓市康腾车业有限公司
2023-08-07 16:38:37,246 - INFO - 企查查.py[:195] - 91341200080312783N开始爬取-64/9501
2023-08-07 16:38:37,643 - INFO - 企查查.py[:198] - 91341200080312783N爬取成功-阜阳雅创文化传媒有限公司
2023-08-07 16:39:07,688 - INFO - 企查查.py[:195] - 91410811MA9G3WEQ31开始爬取-65/9501
2023-08-07 16:39:08,080 - INFO - 企查查.py[:198] - 91410811MA9G3WEQ31爬取成功-河南聚鸟树商贸有限公司
2023-08-07 16:39:38,118 - INFO - 企查查.py[:195] - 91411725MA9NG6542U开始爬取-66/9501
2023-08-07 16:39:38,491 - INFO - 企查查.py[:198] - 91411725MA9NG6542U爬取成功-河南新阳万泰建设工程有限公司
2023-08-07 16:40:08,536 - INFO - 企查查.py[:195] - 91441900699749989H开始爬取-67/9501
2023-08-07 16:40:08,937 - INFO - 企查查.py[:198] - 91441900699749989H爬取成功-东莞市金源昌表面处理科技有限公司
2023-08-07 16:40:38,985 - INFO - 企查查.py[:195] - 91520000215530922L开始爬取-68/9501
2023-08-07 16:40:39,359 - INFO - 企查查.py[:198] - 91520000215530922L爬取成功-贵州地矿测绘院有限公司
2023-08-07 16:41:09,401 - INFO - 企查查.py[:195] - 91130104MA08UN8601开始爬取-69/9501
2023-08-07 16:41:09,793 - INFO - 企查查.py[:198] - 91130104MA08UN8601爬取成功-河北汇得运输有限公司
2023-08-07 16:41:39,837 - INFO - 企查查.py[:195] - 913201150626483719开始爬取-70/9501
2023-08-07 16:41:40,420 - INFO - 企查查.py[:198] - 913201150626483719爬取成功-南京常茂化工科技有限公司
2023-08-07 16:42:10,459 - INFO - 企查查.py[:195] - 913203007035729887开始爬取-71/9501
2023-08-07 16:42:11,458 - INFO - 企查查.py[:198] - 913203007035729887爬取成功-江苏笃有建设集团股份有限公司
2023-08-07 16:42:41,509 - INFO - 企查查.py[:195] - 913208040831201705开始爬取-72/9501
2023-08-07 16:42:42,475 - INFO - 企查查.py[:198] - 913208040831201705爬取成功-淮安市腾跃安防有限公司
2023-08-07 16:43:12,514 - INFO - 企查查.py[:195] - 91330109352517775R开始爬取-73/9501
2023-08-07 16:43:12,972 - INFO - 企查查.py[:198] - 91330109352517775R爬取成功-杭州吕纪申机械有限公司
2023-08-07 16:43:43,015 - INFO - 企查查.py[:195] - 91370105MA3T0BHU2W开始爬取-74/9501
2023-08-07 16:43:43,798 - INFO - 企查查.py[:198] - 91370105MA3T0BHU2W爬取成功-腾磊（山东）建工集团有限公司
2023-08-07 16:44:13,839 - INFO - 企查查.py[:195] - 91410105MA40PYJG5W开始爬取-75/9501
2023-08-07 16:44:14,193 - INFO - 企查查.py[:198] - 91410105MA40PYJG5W爬取成功-河南佰邦电子科技有限公司
2023-08-07 16:44:44,237 - INFO - 企查查.py[:195] - 91410122733850459Y开始爬取-76/9501
2023-08-07 16:44:45,087 - INFO - 企查查.py[:198] - 91410122733850459Y爬取成功-中牟县建设工程监理公司
2023-08-07 16:45:15,131 - INFO - 企查查.py[:195] - 91520114MAAL21N04G开始爬取-77/9501
2023-08-07 16:45:15,899 - INFO - 企查查.py[:198] - 91520114MAAL21N04G爬取成功-贵州黔味福农业科技有限公司
2023-08-07 16:45:45,947 - INFO - 企查查.py[:195] - 915308023518235353开始爬取-78/9501
2023-08-07 16:45:47,198 - INFO - 企查查.py[:198] - 915308023518235353爬取成功-云南别致汽车销售服务有限公司
2023-08-07 16:46:17,239 - INFO - 企查查.py[:195] - 92330822MA2DL5PXXG开始爬取-79/9501
2023-08-07 16:46:17,718 - INFO - 企查查.py[:198] - 92330822MA2DL5PXXG爬取成功-常山瑶瑶食品商行
2023-08-07 16:46:47,766 - INFO - 企查查.py[:195] - 9133010559307715XW开始爬取-80/9501
2023-08-07 16:46:48,423 - INFO - 企查查.py[:198] - 9133010559307715XW爬取成功-浙江望坤建设有限公司
2023-08-07 16:47:18,470 - INFO - 企查查.py[:195] - 91330302MA7NG7D42A开始爬取-81/9501
2023-08-07 16:47:19,120 - INFO - 企查查.py[:198] - 91330302MA7NG7D42A爬取成功-温州翔炜鞋材有限公司
2023-08-07 16:47:49,170 - INFO - 企查查.py[:195] - 91360827309153160J开始爬取-82/9501
2023-08-07 16:47:49,902 - INFO - 企查查.py[:198] - 91360827309153160J爬取成功-江西罗霄山电线电缆有限公司
2023-08-07 16:48:19,955 - INFO - 企查查.py[:195] - 91370202MA7J82QF49开始爬取-83/9501
2023-08-07 16:48:20,335 - INFO - 企查查.py[:198] - 91370202MA7J82QF49爬取成功-青岛中科绿碳环保科技有限公司
2023-08-07 16:48:50,384 - INFO - 企查查.py[:195] - 91411403MA3X72C61H开始爬取-84/9501
2023-08-07 16:48:50,728 - INFO - 企查查.py[:198] - 91411403MA3X72C61H爬取成功-商丘卓屹商贸有限公司
2023-08-07 16:49:20,767 - INFO - 企查查.py[:195] - 91441900MA55BJPK5M开始爬取-85/9501
2023-08-07 16:49:21,453 - INFO - 企查查.py[:198] - 91441900MA55BJPK5M爬取成功-东莞市兴捷迩科技有限公司
2023-08-07 16:49:51,494 - INFO - 企查查.py[:195] - 91511381MA67R2J329开始爬取-86/9501
2023-08-07 16:49:52,496 - INFO - 企查查.py[:198] - 91511381MA67R2J329爬取成功-阆中市兄弟商贸有限公司
2023-08-07 16:50:22,551 - INFO - 企查查.py[:195] - 91310108596402923C开始爬取-87/9501
2023-08-07 16:50:22,880 - INFO - 企查查.py[:198] - 91310108596402923C爬取成功-上海豪浩工贸有限公司
2023-08-07 16:50:52,934 - INFO - 企查查.py[:195] - 91320922MA22RKUF8B开始爬取-88/9501
2023-08-07 16:50:53,272 - INFO - 企查查.py[:198] - 91320922MA22RKUF8B爬取成功-江苏美浩朗建设工程有限公司
2023-08-07 16:51:23,324 - INFO - 企查查.py[:195] - 913401243945323598开始爬取-89/9501
2023-08-07 16:51:23,808 - INFO - 企查查.py[:198] - 913401243945323598爬取成功-安徽景然建筑工程有限公司
2023-08-07 16:51:53,857 - INFO - 企查查.py[:195] - 91360700MA35HFAUXM开始爬取-90/9501
2023-08-07 16:51:54,530 - INFO - 企查查.py[:198] - 91360700MA35HFAUXM爬取成功-东汇亚太科技有限公司
2023-08-07 16:52:24,582 - INFO - 企查查.py[:195] - 91522600MA6DM3737P开始爬取-91/9501
2023-08-07 16:52:25,171 - INFO - 企查查.py[:198] - 91522600MA6DM3737P爬取成功-贵州龙传碟民族文化发展有限责任公司
2023-08-07 16:52:55,222 - INFO - 企查查.py[:195] - 91540223MA6T2RDQ4Q开始爬取-92/9501
2023-08-07 16:52:55,853 - INFO - 企查查.py[:198] - 91540223MA6T2RDQ4Q爬取成功-西藏豪坤置业有限公司
2023-08-07 16:53:25,902 - INFO - 企查查.py[:195] - 91500113MAC9MFKQ86开始爬取-93/9501
2023-08-07 16:53:26,234 - INFO - 企查查.py[:198] - 91500113MAC9MFKQ86爬取成功-重庆蜂驰科技发展有限公司
2023-08-07 16:53:56,286 - INFO - 企查查.py[:195] - 91500240711678184Y开始爬取-94/9501
2023-08-07 16:53:56,831 - INFO - 企查查.py[:198] - 91500240711678184Y爬取成功-重庆民楠建筑工程有限公司
2023-08-07 16:54:26,875 - INFO - 企查查.py[:195] - 91540195MAB02U4D1F开始爬取-95/9501
2023-08-07 16:54:27,638 - INFO - 企查查.py[:198] - 91540195MAB02U4D1F爬取成功-西藏渝峰项目管理有限公司
2023-08-07 16:54:57,684 - INFO - 企查查.py[:195] - 92640121MA76CUD21Q开始爬取-96/9501
2023-08-07 16:54:58,170 - INFO - 企查查.py[:198] - 92640121MA76CUD21Q爬取成功-永宁县望远镇博杰物资经销部
2023-08-07 16:55:28,226 - INFO - 企查查.py[:195] - 91140882MA0GW4832M开始爬取-97/9501
2023-08-07 16:55:28,638 - INFO - 企查查.py[:198] - 91140882MA0GW4832M爬取成功-山西富嘉商贸股份有限公司
2023-08-07 16:55:58,694 - INFO - 企查查.py[:195] - 91310120MA7BFENX6H开始爬取-98/9501
2023-08-07 16:55:59,122 - INFO - 企查查.py[:198] - 91310120MA7BFENX6H爬取成功-上海衡梳建设工程有限公司
2023-08-07 16:56:29,172 - INFO - 企查查.py[:195] - 91320412661788595N开始爬取-99/9501
2023-08-07 16:56:29,981 - INFO - 企查查.py[:198] - 91320412661788595N爬取成功-江苏百惠电子新材料有限公司
2023-08-07 16:57:00,030 - INFO - 企查查.py[:195] - 91321322MA26LL4A5J开始爬取-100/9501
2023-08-07 16:57:00,496 - INFO - 企查查.py[:198] - 91321322MA26LL4A5J爬取成功-宿迁达邦电动工具有限公司
2023-08-07 16:57:30,546 - INFO - 企查查.py[:195] - 91421123094471988R开始爬取-101/9501
2023-08-07 16:57:30,866 - INFO - 企查查.py[:198] - 91421123094471988R爬取成功-湖北铭达智能消防工程有限公司
2023-08-07 16:58:00,915 - INFO - 企查查.py[:195] - 915204903373556837开始爬取-102/9501
2023-08-07 16:58:01,331 - INFO - 企查查.py[:198] - 915204903373556837爬取成功-贵州中建铭宏建设工程有限公司
2023-08-07 16:58:31,386 - INFO - 企查查.py[:195] - 91120222MA07DKGN99开始爬取-103/9501
2023-08-07 16:58:31,799 - INFO - 企查查.py[:198] - 91120222MA07DKGN99爬取成功-天津海纳川宇物流有限公司
2023-08-07 16:59:01,847 - INFO - 企查查.py[:195] - 91340221335641205P开始爬取-104/9501
2023-08-07 16:59:02,206 - INFO - 企查查.py[:198] - 91340221335641205P爬取成功-芜湖复兴建设工程有限公司
2023-08-07 16:59:32,254 - INFO - 企查查.py[:195] - 914307227767913993开始爬取-105/9501
2023-08-07 16:59:32,532 - ERROR - 企查查.py[:215] - 914307227767913993爬取失败-105/9501-error:{"status":423,"message":"您当日请求的次数已达到上限","flag1":"https://verify.qcc.com/block?reqid=801"}
2023-08-07 17:00:02,540 - INFO - 企查查.py[:223] - 爬取到104条数据，保存成功！
2023-08-07 17:00:02,541 - INFO - 企查查.py[:224] - 爬取完毕-9501条数据
2023-08-08 09:04:06,360 - INFO - 企查查.py[:183] - 读取到9501条数据，企查查爬虫开始！
2023-08-08 09:04:06,361 - INFO - 企查查.py[:195] - 914307227767913993开始爬取-105/9501
2023-08-08 09:04:07,076 - INFO - 企查查.py[:198] - 914307227767913993爬取成功-常德恒兴建设监理有限公司
2023-08-08 09:04:37,171 - INFO - 企查查.py[:195] - 91440101331490032A开始爬取-106/9501
2023-08-08 09:04:37,642 - INFO - 企查查.py[:198] - 91440101331490032A爬取成功-广东明烁特科技有限公司
2023-08-08 09:04:46,982 - INFO - 企查查.py[:183] - 读取到9501条数据，企查查爬虫开始！
2023-08-08 09:04:46,983 - INFO - 企查查.py[:195] - 914307227767913993开始爬取-105/9501
2023-08-08 09:04:47,293 - INFO - 企查查.py[:198] - 914307227767913993爬取成功-常德恒兴建设监理有限公司
2023-08-08 09:04:57,373 - INFO - 企查查.py[:195] - 91440101331490032A开始爬取-106/9501
2023-08-08 09:04:57,655 - INFO - 企查查.py[:198] - 91440101331490032A爬取成功-广东明烁特科技有限公司
2023-08-08 09:05:07,704 - INFO - 企查查.py[:195] - 91440101MA5CK1UH9L开始爬取-107/9501
2023-08-08 09:05:07,977 - INFO - 企查查.py[:198] - 91440101MA5CK1UH9L爬取成功-广州博客汽配有限公司
