2023-08-07 16:03:25,856 - INFO - 天眼查.py[:76] - 读取到9501条数据，天眼查爬虫开始！
2023-08-07 16:03:25,857 - INFO - 天眼查.py[:88] - 9111010634828856XF开始爬取-1/9501
2023-08-07 16:03:25,999 - ERROR - 天眼查.py[:108] - 9111010634828856XF爬取失败-1/9501-error:{"data":null,"isLogin":0,"message":"must login","special":"","state":"warn","vipMessage":""}
2023-08-07 16:03:26,000 - INFO - 天眼查.py[:115] - 爬取到0条数据，保存成功！
2023-08-07 16:03:26,001 - INFO - 天眼查.py[:117] - 爬取完毕-9501条数据
2023-08-08 09:08:44,511 - INFO - 天眼查.py[:76] - 读取到9501条数据，天眼查爬虫开始！
2023-08-08 09:08:44,512 - INFO - 天眼查.py[:88] - 9111010634828856XF开始爬取-1/9501
2023-08-08 09:08:45,164 - ERROR - 天眼查.py[:108] - 9111010634828856XF爬取失败-1/9501-error:{"data":null,"isLogin":0,"message":"must login","special":"","state":"warn","vipMessage":""}
2023-08-08 09:08:45,169 - INFO - 天眼查.py[:115] - 爬取到0条数据，保存成功！
2023-08-08 09:08:45,169 - INFO - 天眼查.py[:117] - 爬取完毕-9501条数据
2023-08-08 13:13:07,740 - INFO - 天眼查.py[:76] - 读取到9501条数据，天眼查爬虫开始！
2023-08-08 13:13:07,740 - INFO - 天眼查.py[:88] - 9111010634828856XF开始爬取-1/9501
2023-08-08 13:13:08,381 - INFO - 天眼查.py[:91] - 9111010634828856XF爬取成功-中天建泽工程咨询（北京）有限公司
2023-08-08 13:13:08,437 - INFO - 天眼查.py[:88] - 91130184MA0CDWFP62开始爬取-2/9501
2023-08-08 13:13:08,624 - INFO - 天眼查.py[:91] - 91130184MA0CDWFP62爬取成功-新乐兴才商贸有限公司
2023-08-08 13:13:08,652 - INFO - 天眼查.py[:88] - 91320724MA1XHECJ1K开始爬取-3/9501
2023-08-08 13:13:08,886 - INFO - 天眼查.py[:91] - 91320724MA1XHECJ1K爬取成功-江苏九文环保科技有限公司
2023-08-08 13:13:08,911 - INFO - 天眼查.py[:88] - 91330105725896844P开始爬取-4/9501
2023-08-08 13:13:09,110 - INFO - 天眼查.py[:91] - 91330105725896844P爬取成功-浙江新盛建设集团有限公司
2023-08-08 13:13:09,135 - INFO - 天眼查.py[:88] - 91331082MA28HU694U开始爬取-5/9501
2023-08-08 13:13:09,360 - INFO - 天眼查.py[:91] - 91331082MA28HU694U爬取成功-浙江程远工程管理有限公司
2023-08-08 13:13:09,385 - INFO - 天眼查.py[:88] - 91340500MA2MQQKF3K开始爬取-6/9501
2023-08-08 13:13:09,611 - INFO - 天眼查.py[:91] - 91340500MA2MQQKF3K爬取成功-安徽易诚建筑工程有限公司
2023-08-08 13:13:09,636 - INFO - 天眼查.py[:88] - 91341100MA2RGJP386开始爬取-7/9501
2023-08-08 13:13:09,814 - INFO - 天眼查.py[:91] - 91341100MA2RGJP386爬取成功-安徽诚枫玻璃自动化装备有限公司
2023-08-08 13:13:09,839 - INFO - 天眼查.py[:88] - 91360100672400066P开始爬取-8/9501
2023-08-08 13:13:10,051 - INFO - 天眼查.py[:91] - 91360100672400066P爬取成功-江西太阳雨防火工程有限公司
2023-08-08 13:13:10,077 - INFO - 天眼查.py[:88] - 91370323MA3WATQD71开始爬取-9/9501
2023-08-08 13:13:10,577 - INFO - 天眼查.py[:91] - 91370323MA3WATQD71爬取成功-山东智信悦保温材料有限公司
2023-08-08 13:13:10,603 - INFO - 天眼查.py[:88] - 91370402MA3DBF7K3K开始爬取-10/9501
2023-08-08 13:14:38,925 - INFO - 天眼查.py[:76] - 读取到9501条数据，天眼查爬虫开始！
2023-08-08 13:14:38,926 - INFO - 天眼查.py[:88] - 91370402MA3DBF7K3K开始爬取-10/9501
2023-08-08 13:14:39,169 - INFO - 天眼查.py[:91] - 91370402MA3DBF7K3K爬取成功-枣庄市金棕榈文化发展有限公司
2023-08-08 13:14:39,220 - INFO - 天眼查.py[:88] - 91610103MA6WF2ET0X开始爬取-11/9501
2023-08-08 13:14:39,661 - INFO - 天眼查.py[:91] - 91610103MA6WF2ET0X爬取成功-西安舟正实业有限公司
2023-08-08 13:14:39,681 - INFO - 天眼查.py[:88] - 911201025503760027开始爬取-12/9501
2023-08-08 13:14:39,866 - INFO - 天眼查.py[:91] - 911201025503760027爬取成功-天津天之娇子商贸有限公司
2023-08-08 13:14:39,887 - INFO - 天眼查.py[:88] - 91320000740652928A开始爬取-13/9501
2023-08-08 13:14:40,137 - INFO - 天眼查.py[:91] - 91320000740652928A爬取成功-江苏中大建设项目管理有限公司
2023-08-08 13:14:40,159 - INFO - 天眼查.py[:88] - 91320321MA273K3J2Q开始爬取-14/9501
2023-08-08 13:14:40,403 - INFO - 天眼查.py[:91] - 91320321MA273K3J2Q爬取成功-丰县加恩农业科技有限公司
2023-08-08 13:14:40,425 - INFO - 天眼查.py[:88] - 91320623MA26Q9CRXT开始爬取-15/9501
2023-08-08 13:14:40,605 - INFO - 天眼查.py[:91] - 91320623MA26Q9CRXT爬取成功-如东华淑织造有限公司
2023-08-08 13:14:40,627 - INFO - 天眼查.py[:88] - 91350211705483655P开始爬取-16/9501
2023-08-08 13:14:40,969 - INFO - 天眼查.py[:91] - 91350211705483655P爬取成功-厦门诚新企业管理咨询有限公司
2023-08-08 13:14:40,993 - INFO - 天眼查.py[:88] - 91350425MA333BBH0C开始爬取-17/9501
2023-08-08 13:14:41,436 - INFO - 天眼查.py[:91] - 91350425MA333BBH0C爬取成功-厦门中城投项目管理有限公司大田分公司
2023-08-08 13:14:41,459 - INFO - 天眼查.py[:88] - 91360822MA35H2M569开始爬取-18/9501
2023-08-08 13:14:42,410 - INFO - 天眼查.py[:91] - 91360822MA35H2M569爬取成功-江西顺达劳务发展有限公司
2023-08-08 13:14:42,433 - INFO - 天眼查.py[:88] - 91410703MA3X55M546开始爬取-19/9501
2023-08-08 13:14:42,665 - INFO - 天眼查.py[:91] - 91410703MA3X55M546爬取成功-新乡市京运商贸有限公司
2023-08-08 13:14:42,688 - INFO - 天眼查.py[:88] - 91420506MA49311LXW开始爬取-20/9501
2023-08-08 13:14:43,138 - INFO - 天眼查.py[:91] - 91420506MA49311LXW爬取成功-宜昌朗坤项目管理有限公司
2023-08-08 13:14:43,161 - INFO - 天眼查.py[:88] - 914452037879502282开始爬取-21/9501
2023-08-08 13:14:43,398 - INFO - 天眼查.py[:91] - 914452037879502282爬取成功-揭阳市增德五金塑胶制品有限公司
2023-08-08 13:14:43,422 - INFO - 天眼查.py[:88] - 91500000MA604GLD38开始爬取-22/9501
2023-08-08 13:14:43,769 - INFO - 天眼查.py[:91] - 91500000MA604GLD38爬取成功-重庆联晟电力工程有限公司
2023-08-08 13:14:43,793 - INFO - 天眼查.py[:88] - 91110116575205963U开始爬取-23/9501
2023-08-08 13:15:44,898 - INFO - 天眼查.py[:77] - 读取到9501条数据，天眼查爬虫开始！
2023-08-08 13:15:44,898 - INFO - 天眼查.py[:89] - 9111010634828856XF开始爬取-1/9501
2023-08-08 13:15:45,538 - INFO - 天眼查.py[:92] - 9111010634828856XF爬取成功-中天建泽工程咨询（北京）有限公司
2023-08-08 13:15:45,589 - INFO - 天眼查.py[:89] - 91130184MA0CDWFP62开始爬取-2/9501
2023-08-08 13:15:45,778 - INFO - 天眼查.py[:92] - 91130184MA0CDWFP62爬取成功-新乐兴才商贸有限公司
2023-08-08 13:15:45,799 - INFO - 天眼查.py[:89] - 91320724MA1XHECJ1K开始爬取-3/9501
2023-08-08 13:15:46,016 - INFO - 天眼查.py[:92] - 91320724MA1XHECJ1K爬取成功-江苏九文环保科技有限公司
2023-08-08 13:15:46,037 - INFO - 天眼查.py[:89] - 91330105725896844P开始爬取-4/9501
2023-08-08 13:15:46,485 - INFO - 天眼查.py[:92] - 91330105725896844P爬取成功-浙江新盛建设集团有限公司
2023-08-08 13:15:46,507 - INFO - 天眼查.py[:89] - 91331082MA28HU694U开始爬取-5/9501
2023-08-08 13:15:46,719 - INFO - 天眼查.py[:92] - 91331082MA28HU694U爬取成功-浙江程远工程管理有限公司
2023-08-08 13:15:46,741 - INFO - 天眼查.py[:89] - 91340500MA2MQQKF3K开始爬取-6/9501
2023-08-08 13:15:46,962 - INFO - 天眼查.py[:92] - 91340500MA2MQQKF3K爬取成功-安徽易诚建筑工程有限公司
2023-08-08 13:15:46,984 - INFO - 天眼查.py[:89] - 91341100MA2RGJP386开始爬取-7/9501
2023-08-08 13:15:47,473 - INFO - 天眼查.py[:92] - 91341100MA2RGJP386爬取成功-安徽诚枫玻璃自动化装备有限公司
2023-08-08 13:15:47,495 - INFO - 天眼查.py[:89] - 91360100672400066P开始爬取-8/9501
2023-08-08 13:15:47,775 - INFO - 天眼查.py[:92] - 91360100672400066P爬取成功-江西太阳雨防火工程有限公司
2023-08-08 13:15:47,798 - INFO - 天眼查.py[:89] - 91370323MA3WATQD71开始爬取-9/9501
2023-08-08 13:15:48,016 - INFO - 天眼查.py[:92] - 91370323MA3WATQD71爬取成功-山东智信悦保温材料有限公司
2023-08-08 13:15:48,040 - INFO - 天眼查.py[:89] - 91370402MA3DBF7K3K开始爬取-10/9501
2023-08-08 13:15:56,520 - INFO - 天眼查.py[:77] - 读取到9501条数据，天眼查爬虫开始！
2023-08-08 13:15:56,521 - INFO - 天眼查.py[:89] - 91370402MA3DBF7K3K开始爬取-10/9501
2023-08-08 13:15:56,759 - INFO - 天眼查.py[:92] - 91370402MA3DBF7K3K爬取成功-枣庄市金棕榈文化发展有限公司
2023-08-08 13:15:56,813 - INFO - 天眼查.py[:89] - 91610103MA6WF2ET0X开始爬取-11/9501
2023-08-08 13:15:56,996 - INFO - 天眼查.py[:92] - 91610103MA6WF2ET0X爬取成功-西安舟正实业有限公司
2023-08-08 13:15:57,020 - INFO - 天眼查.py[:89] - 911201025503760027开始爬取-12/9501
2023-08-08 13:15:57,232 - INFO - 天眼查.py[:92] - 911201025503760027爬取成功-天津天之娇子商贸有限公司
2023-08-08 13:15:57,256 - INFO - 天眼查.py[:89] - 91320000740652928A开始爬取-13/9501
2023-08-08 13:15:57,544 - INFO - 天眼查.py[:92] - 91320000740652928A爬取成功-江苏中大建设项目管理有限公司
2023-08-08 13:15:57,568 - INFO - 天眼查.py[:89] - 91320321MA273K3J2Q开始爬取-14/9501
2023-08-08 13:15:57,782 - INFO - 天眼查.py[:92] - 91320321MA273K3J2Q爬取成功-丰县加恩农业科技有限公司
2023-08-08 13:15:57,807 - INFO - 天眼查.py[:89] - 91320623MA26Q9CRXT开始爬取-15/9501
2023-08-08 13:15:57,995 - INFO - 天眼查.py[:92] - 91320623MA26Q9CRXT爬取成功-如东华淑织造有限公司
2023-08-08 13:15:58,020 - INFO - 天眼查.py[:89] - 91350211705483655P开始爬取-16/9501
2023-08-08 13:15:58,211 - INFO - 天眼查.py[:92] - 91350211705483655P爬取成功-厦门诚新企业管理咨询有限公司
2023-08-08 13:15:58,236 - INFO - 天眼查.py[:89] - 91350425MA333BBH0C开始爬取-17/9501
2023-08-08 13:15:58,604 - INFO - 天眼查.py[:92] - 91350425MA333BBH0C爬取成功-厦门中城投项目管理有限公司大田分公司
2023-08-08 13:15:58,630 - INFO - 天眼查.py[:89] - 91360822MA35H2M569开始爬取-18/9501
2023-08-08 13:15:59,110 - INFO - 天眼查.py[:92] - 91360822MA35H2M569爬取成功-江西顺达劳务发展有限公司
2023-08-08 13:15:59,136 - INFO - 天眼查.py[:89] - 91410703MA3X55M546开始爬取-19/9501
2023-08-08 13:15:59,846 - INFO - 天眼查.py[:92] - 91410703MA3X55M546爬取成功-新乡市京运商贸有限公司
2023-08-08 13:15:59,872 - INFO - 天眼查.py[:89] - 91420506MA49311LXW开始爬取-20/9501
2023-08-08 13:16:00,040 - INFO - 天眼查.py[:92] - 91420506MA49311LXW爬取成功-宜昌朗坤项目管理有限公司
2023-08-08 13:16:00,066 - INFO - 天眼查.py[:89] - 914452037879502282开始爬取-21/9501
2023-08-08 13:16:00,307 - INFO - 天眼查.py[:92] - 914452037879502282爬取成功-揭阳市增德五金塑胶制品有限公司
2023-08-08 13:16:00,333 - INFO - 天眼查.py[:89] - 91500000MA604GLD38开始爬取-22/9501
2023-08-08 13:16:00,559 - INFO - 天眼查.py[:92] - 91500000MA604GLD38爬取成功-重庆联晟电力工程有限公司
2023-08-08 13:16:00,586 - INFO - 天眼查.py[:89] - 91110116575205963U开始爬取-23/9501
2023-08-08 13:16:00,785 - INFO - 天眼查.py[:92] - 91110116575205963U爬取成功-北京恒华腾达设备安装工程有限公司
2023-08-08 13:16:00,812 - INFO - 天眼查.py[:89] - 91140106MA0LQUHJ3N开始爬取-24/9501
